Build started 05/11/2021 10:26:09 PM.
     1>Project "C:\Users\Administrator\documents\visual studio 2010\Projects\script\script.vcxproj" on node 2 (build target(s)).
     1>InitializeBuildStatus:
         Creating "Release\script.unsuccessfulbuild" because "AlwaysCreate" was specified.
       ClCompile:
         C:\Program Files (x86)\Microsoft Visual Studio 10.0\VC\bin\CL.exe /c /Zi /nologo /W3 /WX- /O2 /Oi /Oy- /GL /D _MBCS /Gm- /EHsc /MD /GS- /Gy /fp:precise /Zc:wchar_t /Zc:forScope /Fo"Release\\" /Fd"Release\vc100.pdb" /Gd /TP /analyze- /errorReport:prompt script.cpp
         script.cpp
     1>script.cpp(12): warning C4996: 'strcat': This function or variable may be unsafe. Consider using strcat_s instead. To disable deprecation, use _CRT_SECURE_NO_WARNINGS. See online help for details.
                 C:\Program Files (x86)\Microsoft Visual Studio 10.0\VC\include\string.h(110) : see declaration of 'strcat'
       Link:
         C:\Program Files (x86)\Microsoft Visual Studio 10.0\VC\bin\link.exe /ERRORREPORT:PROMPT /OUT:"C:\Users\Administrator\documents\visual studio 2010\Projects\script\Release\script.exe" /NOLOGO kernel32.lib user32.lib gdi32.lib winspool.lib comdlg32.lib advapi32.lib shell32.lib ole32.lib oleaut32.lib uuid.lib odbc32.lib odbccp32.lib /NODEFAULTLIB /MANIFEST:NO /DEBUG /PDB:"C:\Users\Administrator\documents\visual studio 2010\Projects\script\Release\script.pdb" /SUBSYSTEM:WINDOWS,"3" /OPT:REF /OPT:ICF /LTCG /TLBID:1 /ENTRY:"main" /DYNAMICBASE /NXCOMPAT /IMPLIB:"C:\Users\Administrator\documents\visual studio 2010\Projects\script\Release\script.lib" /MACHINE:X86 Release\script.obj
     1>LINK : warning LNK4010: invalid subsystem version number 3; default subsystem version assumed
         Generating code
         Finished generating code
         script.vcxproj -> C:\Users\Administrator\documents\visual studio 2010\Projects\script\Release\script.exe
       FinalizeBuildStatus:
         Deleting file "Release\script.unsuccessfulbuild".
         Touching "Release\script.lastbuildstate".
     1>Done Building Project "C:\Users\Administrator\documents\visual studio 2010\Projects\script\script.vcxproj" (build target(s)).

Build succeeded.

Time Elapsed 00:00:01.15
